2024-12-20T00:28:39.863+06:00  INFO 34612 --- [oop_final] [main] c.example.oop_final.OopFinalApplication  : Starting OopFinalApplication using Java 21.0.2 with PID 34612 (C:\Users\mariiam.raiimzhanova\OneDrive - University of Central Asia\Desktop\oop_final\target\classes started by 1000002085 in C:\Users\mariiam.raiimzhanova\OneDrive - University of Central Asia\Desktop\oop_final)
2024-12-20T00:28:39.868+06:00 DEBUG 34612 --- [oop_final] [main] c.example.oop_final.OopFinalApplication  : Running with Spring Boot v3.4.1, Spring v6.2.1
2024-12-20T00:28:39.869+06:00  INFO 34612 --- [oop_final] [main] c.example.oop_final.OopFinalApplication  : No active profile set, falling back to 1 default profile: "default"
2024-12-20T00:28:41.282+06:00  INFO 34612 --- [oop_final] [main] .s.d.r.c.RepositoryConfigurationDelegate : Bootstrapping Spring Data JPA repositories in DEFAULT mode.
2024-12-20T00:28:41.334+06:00  INFO 34612 --- [oop_final] [main] .s.d.r.c.RepositoryConfigurationDelegate : Finished Spring Data repository scanning in 23 ms. Found 0 JPA repository interfaces.
2024-12-20T00:28:42.279+06:00  INFO 34612 --- [oop_final] [main] o.s.b.w.embedded.tomcat.TomcatWebServer  : Tomcat initialized with port 8080 (http)
2024-12-20T00:28:42.304+06:00  INFO 34612 --- [oop_final] [main] o.apache.catalina.core.StandardService   : Starting service [Tomcat]
2024-12-20T00:28:42.306+06:00  INFO 34612 --- [oop_final] [main] o.apache.catalina.core.StandardEngine    : Starting Servlet engine: [Apache Tomcat/10.1.34]
2024-12-20T00:28:42.417+06:00  INFO 34612 --- [oop_final] [main] o.a.c.c.C.[Tomcat].[localhost].[/]       : Initializing Spring embedded WebApplicationContext
2024-12-20T00:28:42.418+06:00  INFO 34612 --- [oop_final] [main] w.s.c.ServletWebServerApplicationContext : Root WebApplicationContext: initialization completed in 2413 ms
2024-12-20T00:28:42.733+06:00  INFO 34612 --- [oop_final] [main] o.hibernate.jpa.internal.util.LogHelper  : HHH000204: Processing PersistenceUnitInfo [name: default]
2024-12-20T00:28:42.844+06:00  INFO 34612 --- [oop_final] [main] org.hibernate.Version                    : HHH000412: Hibernate ORM core version 6.6.4.Final
2024-12-20T00:28:42.907+06:00  INFO 34612 --- [oop_final] [main] o.h.c.internal.RegionFactoryInitiator    : HHH000026: Second-level cache disabled
2024-12-20T00:28:43.688+06:00  INFO 34612 --- [oop_final] [main] o.s.o.j.p.SpringPersistenceUnitInfo      : No LoadTimeWeaver setup: ignoring JPA class transformer
2024-12-20T00:28:43.783+06:00  INFO 34612 --- [oop_final] [main] com.zaxxer.hikari.HikariDataSource       : HikariPool-1 - Starting...
2024-12-20T00:28:44.507+06:00  INFO 34612 --- [oop_final] [main] com.zaxxer.hikari.pool.HikariPool        : HikariPool-1 - Added connection com.mysql.cj.jdbc.ConnectionImpl@3348c987
2024-12-20T00:28:44.512+06:00  INFO 34612 --- [oop_final] [main] com.zaxxer.hikari.HikariDataSource       : HikariPool-1 - Start completed.
2024-12-20T00:28:44.703+06:00  INFO 34612 --- [oop_final] [main] org.hibernate.orm.connections.pooling    : HHH10001005: Database info:
	Database JDBC URL [Connecting through datasource 'HikariDataSource (HikariPool-1)']
	Database driver: undefined/unknown
	Database version: 9.1
	Autocommit mode: undefined/unknown
	Isolation level: undefined/unknown
	Minimum pool size: undefined/unknown
	Maximum pool size: undefined/unknown
2024-12-20T00:28:45.428+06:00  INFO 34612 --- [oop_final] [main] o.h.e.t.j.p.i.JtaPlatformInitiator       : HHH000489: No JTA platform available (set 'hibernate.transaction.jta.platform' to enable JTA platform integration)
2024-12-20T00:28:45.438+06:00  INFO 34612 --- [oop_final] [main] j.LocalContainerEntityManagerFactoryBean : Initialized JPA EntityManagerFactory for persistence unit 'default'
2024-12-20T00:28:45.543+06:00  WARN 34612 --- [oop_final] [main] JpaBaseConfiguration$JpaWebConfiguration : spring.jpa.open-in-view is enabled by default. Therefore, database queries may be performed during view rendering. Explicitly configure spring.jpa.open-in-view to disable this warning
2024-12-20T00:28:46.372+06:00  INFO 34612 --- [oop_final] [main] o.s.b.w.embedded.tomcat.TomcatWebServer  : Tomcat started on port 8080 (http) with context path '/'
2024-12-20T00:28:46.385+06:00  INFO 34612 --- [oop_final] [main] c.example.oop_final.OopFinalApplication  : Started OopFinalApplication in 7.543 seconds (process running for 9.14)
2024-12-20T00:29:33.418+06:00  INFO 34612 --- [oop_final] [SpringApplicationShutdownHook] o.s.b.w.e.tomcat.GracefulShutdown        : Commencing graceful shutdown. Waiting for active requests to complete
2024-12-20T00:29:33.453+06:00  INFO 34612 --- [oop_final] [tomcat-shutdown] o.s.b.w.e.tomcat.GracefulShutdown        : Graceful shutdown complete
2024-12-20T00:29:33.467+06:00  INFO 34612 --- [oop_final] [SpringApplicationShutdownHook] j.LocalContainerEntityManagerFactoryBean : Closing JPA EntityManagerFactory for persistence unit 'default'
2024-12-20T00:29:33.472+06:00  INFO 34612 --- [oop_final] [SpringApplicationShutdownHook] com.zaxxer.hikari.HikariDataSource       : HikariPool-1 - Shutdown initiated...
2024-12-20T00:29:33.496+06:00  INFO 34612 --- [oop_final] [SpringApplicationShutdownHook] com.zaxxer.hikari.HikariDataSource       : HikariPool-1 - Shutdown completed.
2024-12-20T12:50:31.951+06:00  INFO 38068 --- [oop_final] [main] c.example.oop_final.OopFinalApplication  : Starting OopFinalApplication using Java 21.0.2 with PID 38068 (C:\Users\mariiam.raiimzhanova\OneDrive - University of Central Asia\Desktop\oop_final\target\classes started by 1000002085 in C:\Users\mariiam.raiimzhanova\OneDrive - University of Central Asia\Desktop\oop_final)
2024-12-20T12:50:31.959+06:00 DEBUG 38068 --- [oop_final] [main] c.example.oop_final.OopFinalApplication  : Running with Spring Boot v3.4.1, Spring v6.2.1
2024-12-20T12:50:31.962+06:00  INFO 38068 --- [oop_final] [main] c.example.oop_final.OopFinalApplication  : No active profile set, falling back to 1 default profile: "default"
2024-12-20T12:50:33.606+06:00  INFO 38068 --- [oop_final] [main] .s.d.r.c.RepositoryConfigurationDelegate : Bootstrapping Spring Data JPA repositories in DEFAULT mode.
2024-12-20T12:50:33.745+06:00  INFO 38068 --- [oop_final] [main] .s.d.r.c.RepositoryConfigurationDelegate : Finished Spring Data repository scanning in 109 ms. Found 5 JPA repository interfaces.
2024-12-20T12:50:34.824+06:00  INFO 38068 --- [oop_final] [main] o.s.b.w.embedded.tomcat.TomcatWebServer  : Tomcat initialized with port 8080 (http)
2024-12-20T12:50:34.848+06:00  INFO 38068 --- [oop_final] [main] o.apache.catalina.core.StandardService   : Starting service [Tomcat]
2024-12-20T12:50:34.849+06:00  INFO 38068 --- [oop_final] [main] o.apache.catalina.core.StandardEngine    : Starting Servlet engine: [Apache Tomcat/10.1.34]
2024-12-20T12:50:34.961+06:00  INFO 38068 --- [oop_final] [main] o.a.c.c.C.[Tomcat].[localhost].[/]       : Initializing Spring embedded WebApplicationContext
2024-12-20T12:50:34.962+06:00  INFO 38068 --- [oop_final] [main] w.s.c.ServletWebServerApplicationContext : Root WebApplicationContext: initialization completed in 2837 ms
2024-12-20T12:50:35.159+06:00  INFO 38068 --- [oop_final] [main] com.zaxxer.hikari.HikariDataSource       : HikariPool-1 - Starting...
2024-12-20T12:50:35.925+06:00  INFO 38068 --- [oop_final] [main] com.zaxxer.hikari.pool.HikariPool        : HikariPool-1 - Added connection com.mysql.cj.jdbc.ConnectionImpl@38e83838
2024-12-20T12:50:35.929+06:00  INFO 38068 --- [oop_final] [main] com.zaxxer.hikari.HikariDataSource       : HikariPool-1 - Start completed.
2024-12-20T12:50:36.087+06:00  INFO 38068 --- [oop_final] [main] o.hibernate.jpa.internal.util.LogHelper  : HHH000204: Processing PersistenceUnitInfo [name: default]
2024-12-20T12:50:36.252+06:00  INFO 38068 --- [oop_final] [main] org.hibernate.Version                    : HHH000412: Hibernate ORM core version 6.6.4.Final
2024-12-20T12:50:36.323+06:00  INFO 38068 --- [oop_final] [main] o.h.c.internal.RegionFactoryInitiator    : HHH000026: Second-level cache disabled
2024-12-20T12:50:37.012+06:00  INFO 38068 --- [oop_final] [main] o.s.o.j.p.SpringPersistenceUnitInfo      : No LoadTimeWeaver setup: ignoring JPA class transformer
2024-12-20T12:50:37.236+06:00  INFO 38068 --- [oop_final] [main] org.hibernate.orm.connections.pooling    : HHH10001005: Database info:
	Database JDBC URL [Connecting through datasource 'HikariDataSource (HikariPool-1)']
	Database driver: undefined/unknown
	Database version: 9.1
	Autocommit mode: undefined/unknown
	Isolation level: undefined/unknown
	Minimum pool size: undefined/unknown
	Maximum pool size: undefined/unknown
2024-12-20T12:50:39.803+06:00  INFO 38068 --- [oop_final] [main] o.h.e.t.j.p.i.JtaPlatformInitiator       : HHH000489: No JTA platform available (set 'hibernate.transaction.jta.platform' to enable JTA platform integration)
2024-12-20T12:50:40.212+06:00  INFO 38068 --- [oop_final] [main] j.LocalContainerEntityManagerFactoryBean : Initialized JPA EntityManagerFactory for persistence unit 'default'
2024-12-20T12:50:40.998+06:00  WARN 38068 --- [oop_final] [main] JpaBaseConfiguration$JpaWebConfiguration : spring.jpa.open-in-view is enabled by default. Therefore, database queries may be performed during view rendering. Explicitly configure spring.jpa.open-in-view to disable this warning
2024-12-20T12:50:41.779+06:00  INFO 38068 --- [oop_final] [main] o.s.b.w.embedded.tomcat.TomcatWebServer  : Tomcat started on port 8080 (http) with context path '/'
2024-12-20T12:50:41.792+06:00  INFO 38068 --- [oop_final] [main] c.example.oop_final.OopFinalApplication  : Started OopFinalApplication in 11.133 seconds (process running for 13.026)
2024-12-20T12:51:41.093+06:00  INFO 38068 --- [oop_final] [http-nio-8080-exec-2] o.a.c.c.C.[Tomcat].[localhost].[/]       : Initializing Spring DispatcherServlet 'dispatcherServlet'
2024-12-20T12:51:41.093+06:00  INFO 38068 --- [oop_final] [http-nio-8080-exec-2] o.s.web.servlet.DispatcherServlet        : Initializing Servlet 'dispatcherServlet'
2024-12-20T12:51:41.101+06:00  INFO 38068 --- [oop_final] [http-nio-8080-exec-2] o.s.web.servlet.DispatcherServlet        : Completed initialization in 8 ms
